mode: set
github.com/hoitek-go/govalidity/govalidityconv/converter.go:9.60,12.22 2 1
github.com/hoitek-go/govalidity/govalidityconv/converter.go:34.2,34.8 1 1
github.com/hoitek-go/govalidity/govalidityconv/converter.go:13.38,15.16 2 1
github.com/hoitek-go/govalidity/govalidityconv/converter.go:16.43,18.16 2 1
github.com/hoitek-go/govalidity/govalidityconv/converter.go:19.24,21.16 2 1
github.com/hoitek-go/govalidity/govalidityconv/converter.go:22.14,24.17 2 1
github.com/hoitek-go/govalidity/govalidityconv/converter.go:29.10,31.12 2 1
github.com/hoitek-go/govalidity/govalidityconv/converter.go:24.17,26.4 1 1
github.com/hoitek-go/govalidity/govalidityconv/converter.go:26.9,28.4 1 1
github.com/hoitek-go/govalidity/govaliditym/messages.go:90.34,94.40 4 1
github.com/hoitek-go/govalidity/govaliditym/messages.go:99.2,100.32 2 1
github.com/hoitek-go/govalidity/govaliditym/messages.go:94.40,95.18 1 1
github.com/hoitek-go/govalidity/govaliditym/messages.go:95.18,97.4 1 1
github.com/hoitek-go/govalidity/govaliditym/messages.go:103.32,105.2 1 1
github.com/hoitek-go/govalidity/govalidityv/validators.go:19.86,23.8 4 1
github.com/hoitek-go/govalidity/govalidityv/validators.go:26.2,26.26 1 1
github.com/hoitek-go/govalidity/govalidityv/validators.go:23.8,25.3 1 1
github.com/hoitek-go/govalidity/govalidityv/validators.go:29.98,33.2 3 1
github.com/hoitek-go/govalidity/govalidityv/validators.go:35.65,41.13 6 1
github.com/hoitek-go/govalidity/govalidityv/validators.go:44.2,44.19 1 1
github.com/hoitek-go/govalidity/govalidityv/validators.go:41.13,43.3 1 1
github.com/hoitek-go/govalidity/govalidityv/validators.go:47.68,51.34 4 1
github.com/hoitek-go/govalidity/govalidityv/validators.go:54.2,54.18 1 1
github.com/hoitek-go/govalidity/govalidityv/validators.go:51.34,53.3 1 1
github.com/hoitek-go/govalidity/govalidityv/validators.go:57.66,61.41 4 1
github.com/hoitek-go/govalidity/govalidityv/validators.go:64.2,64.18 1 1
github.com/hoitek-go/govalidity/govalidityv/validators.go:61.41,63.3 1 1
github.com/hoitek-go/govalidity/govalidityv/validators.go:67.63,71.102 4 1
github.com/hoitek-go/govalidity/govalidityv/validators.go:74.2,75.65 2 1
github.com/hoitek-go/govalidity/govalidityv/validators.go:78.2,79.23 2 1
github.com/hoitek-go/govalidity/govalidityv/validators.go:82.2,82.36 1 1
github.com/hoitek-go/govalidity/govalidityv/validators.go:85.2,85.70 1 1
github.com/hoitek-go/govalidity/govalidityv/validators.go:88.2,99.13 4 1
github.com/hoitek-go/govalidity/govalidityv/validators.go:102.2,102.19 1 1
github.com/hoitek-go/govalidity/govalidityv/validators.go:71.102,73.3 1 1
github.com/hoitek-go/govalidity/govalidityv/validators.go:75.65,77.3 1 1
github.com/hoitek-go/govalidity/govalidityv/validators.go:79.23,81.3 1 1
github.com/hoitek-go/govalidity/govalidityv/validators.go:82.36,84.3 1 1
github.com/hoitek-go/govalidity/govalidityv/validators.go:85.70,87.3 1 1
github.com/hoitek-go/govalidity/govalidityv/validators.go:99.13,101.3 1 1
github.com/hoitek-go/govalidity/govalidityv/validators.go:105.65,111.13 6 1
github.com/hoitek-go/govalidity/govalidityv/validators.go:114.2,114.19 1 1
github.com/hoitek-go/govalidity/govalidityv/validators.go:111.13,113.3 1 1
github.com/hoitek-go/govalidity/govalidityv/validators.go:117.69,122.13 5 1
github.com/hoitek-go/govalidity/govalidityv/validators.go:125.2,125.19 1 1
github.com/hoitek-go/govalidity/govalidityv/validators.go:122.13,124.3 1 1
github.com/hoitek-go/govalidity/govalidityv/validators.go:128.69,133.13 5 1
github.com/hoitek-go/govalidity/govalidityv/validators.go:136.2,136.19 1 1
github.com/hoitek-go/govalidity/govalidityv/validators.go:133.13,135.3 1 1
github.com/hoitek-go/govalidity/govalidityv/validators.go:139.63,145.13 6 1
github.com/hoitek-go/govalidity/govalidityv/validators.go:148.2,148.19 1 1
github.com/hoitek-go/govalidity/govalidityv/validators.go:145.13,147.3 1 1
github.com/hoitek-go/govalidity/govalidityv/validators.go:151.65,157.13 6 1
github.com/hoitek-go/govalidity/govalidityv/validators.go:160.2,160.19 1 1
github.com/hoitek-go/govalidity/govalidityv/validators.go:157.13,159.3 1 1
github.com/hoitek-go/govalidity/govalidityv/validators.go:163.64,169.13 6 1
github.com/hoitek-go/govalidity/govalidityv/validators.go:172.2,172.19 1 1
github.com/hoitek-go/govalidity/govalidityv/validators.go:169.13,171.3 1 1
github.com/hoitek-go/govalidity/govalidityv/validators.go:175.62,180.13 5 1
github.com/hoitek-go/govalidity/govalidityv/validators.go:183.2,183.19 1 1
github.com/hoitek-go/govalidity/govalidityv/validators.go:180.13,182.3 1 1
github.com/hoitek-go/govalidity/govalidityv/validators.go:186.64,192.13 6 1
github.com/hoitek-go/govalidity/govalidityv/validators.go:195.2,195.19 1 1
github.com/hoitek-go/govalidity/govalidityv/validators.go:192.13,194.3 1 1
github.com/hoitek-go/govalidity/govalidityv/validators.go:198.64,204.13 6 1
github.com/hoitek-go/govalidity/govalidityv/validators.go:207.2,207.19 1 1
github.com/hoitek-go/govalidity/govalidityv/validators.go:204.13,206.3 1 1
github.com/hoitek-go/govalidity/govalidityv/validators.go:210.64,214.67 4 1
github.com/hoitek-go/govalidity/govalidityv/validators.go:217.2,217.19 1 1
github.com/hoitek-go/govalidity/govalidityv/validators.go:214.67,216.3 1 1
github.com/hoitek-go/govalidity/govalidityv/validators.go:220.67,224.63 4 1
github.com/hoitek-go/govalidity/govalidityv/validators.go:227.2,230.13 4 1
github.com/hoitek-go/govalidity/govalidityv/validators.go:233.2,233.19 1 1
github.com/hoitek-go/govalidity/govalidityv/validators.go:224.63,226.3 1 1
github.com/hoitek-go/govalidity/govalidityv/validators.go:230.13,232.3 1 1
github.com/hoitek-go/govalidity/govalidityv/validators.go:236.64,243.13 7 1
github.com/hoitek-go/govalidity/govalidityv/validators.go:246.2,246.19 1 1
github.com/hoitek-go/govalidity/govalidityv/validators.go:243.13,245.3 1 1
github.com/hoitek-go/govalidity/govalidityv/validators.go:249.68,255.13 6 1
github.com/hoitek-go/govalidity/govalidityv/validators.go:258.2,258.19 1 1
github.com/hoitek-go/govalidity/govalidityv/validators.go:255.13,257.3 1 1
github.com/hoitek-go/govalidity/govalidityv/validators.go:261.68,267.13 6 1
github.com/hoitek-go/govalidity/govalidityv/validators.go:270.2,270.19 1 1
github.com/hoitek-go/govalidity/govalidityv/validators.go:267.13,269.3 1 1
github.com/hoitek-go/govalidity/govalidityv/validators.go:273.68,279.13 6 1
github.com/hoitek-go/govalidity/govalidityv/validators.go:282.2,282.19 1 1
github.com/hoitek-go/govalidity/govalidityv/validators.go:279.13,281.3 1 1
github.com/hoitek-go/govalidity/govalidityv/validators.go:285.67,292.8 6 1
github.com/hoitek-go/govalidity/govalidityv/validators.go:296.2,303.20 7 1
github.com/hoitek-go/govalidity/govalidityv/validators.go:306.2,308.44 2 1
github.com/hoitek-go/govalidity/govalidityv/validators.go:312.2,312.18 1 1
github.com/hoitek-go/govalidity/govalidityv/validators.go:292.8,294.3 1 1
github.com/hoitek-go/govalidity/govalidityv/validators.go:303.20,305.3 1 1
github.com/hoitek-go/govalidity/govalidityv/validators.go:308.44,310.3 1 1
github.com/hoitek-go/govalidity/govalidityv/validators.go:315.72,322.8 6 1
github.com/hoitek-go/govalidity/govalidityv/validators.go:326.2,332.42 6 1
github.com/hoitek-go/govalidity/govalidityv/validators.go:336.2,336.18 1 1
github.com/hoitek-go/govalidity/govalidityv/validators.go:322.8,324.3 1 1
github.com/hoitek-go/govalidity/govalidityv/validators.go:332.42,334.3 1 1
github.com/hoitek-go/govalidity/govalidityv/validators.go:339.69,345.8 5 1
github.com/hoitek-go/govalidity/govalidityv/validators.go:349.2,354.22 5 1
github.com/hoitek-go/govalidity/govalidityv/validators.go:358.2,358.18 1 1
github.com/hoitek-go/govalidity/govalidityv/validators.go:345.8,347.3 1 1
github.com/hoitek-go/govalidity/govalidityv/validators.go:354.22,356.3 1 1
github.com/hoitek-go/govalidity/govalidityv/validators.go:361.69,367.8 5 1
github.com/hoitek-go/govalidity/govalidityv/validators.go:371.2,376.22 5 1
github.com/hoitek-go/govalidity/govalidityv/validators.go:380.2,380.18 1 1
github.com/hoitek-go/govalidity/govalidityv/validators.go:367.8,369.3 1 1
github.com/hoitek-go/govalidity/govalidityv/validators.go:376.22,378.3 1 1
github.com/hoitek-go/govalidity/govalidityv/validators.go:383.62,389.8 5 1
github.com/hoitek-go/govalidity/govalidityv/validators.go:393.2,399.27 6 1
github.com/hoitek-go/govalidity/govalidityv/validators.go:405.2,405.12 1 1
github.com/hoitek-go/govalidity/govalidityv/validators.go:409.2,409.18 1 1
github.com/hoitek-go/govalidity/govalidityv/validators.go:389.8,391.3 1 1
github.com/hoitek-go/govalidity/govalidityv/validators.go:399.27,400.21 1 1
github.com/hoitek-go/govalidity/govalidityv/validators.go:400.21,402.9 2 1
github.com/hoitek-go/govalidity/govalidityv/validators.go:405.12,407.3 1 1
github.com/hoitek-go/govalidity/govaliditybody/body.go:17.46,18.23 1 1
github.com/hoitek-go/govalidity/govaliditybody/body.go:22.2,24.16 3 1
github.com/hoitek-go/govalidity/govaliditybody/body.go:27.2,27.22 1 1
github.com/hoitek-go/govalidity/govaliditybody/body.go:53.2,54.22 2 1
github.com/hoitek-go/govalidity/govaliditybody/body.go:57.2,57.16 1 1
github.com/hoitek-go/govalidity/govaliditybody/body.go:60.2,60.27 1 1
github.com/hoitek-go/govalidity/govaliditybody/body.go:63.2,64.16 2 1
github.com/hoitek-go/govalidity/govaliditybody/body.go:67.2,67.12 1 1
github.com/hoitek-go/govalidity/govaliditybody/body.go:18.23,21.3 2 1
github.com/hoitek-go/govalidity/govaliditybody/body.go:24.16,26.3 1 1
github.com/hoitek-go/govalidity/govaliditybody/body.go:27.22,29.17 2 1
github.com/hoitek-go/govalidity/govaliditybody/body.go:29.17,31.4 1 1
github.com/hoitek-go/govalidity/govaliditybody/body.go:32.8,34.20 2 1
github.com/hoitek-go/govalidity/govaliditybody/body.go:37.3,37.17 1 1
github.com/hoitek-go/govalidity/govaliditybody/body.go:40.3,42.22 3 1
github.com/hoitek-go/govalidity/govaliditybody/body.go:46.3,46.17 1 1
github.com/hoitek-go/govalidity/govaliditybody/body.go:49.3,49.35 1 1
github.com/hoitek-go/govalidity/govaliditybody/body.go:34.20,36.4 1 1
github.com/hoitek-go/govalidity/govaliditybody/body.go:37.17,39.4 1 1
github.com/hoitek-go/govalidity/govaliditybody/body.go:42.22,45.4 2 1
github.com/hoitek-go/govalidity/govaliditybody/body.go:46.17,48.4 1 1
github.com/hoitek-go/govalidity/govaliditybody/body.go:49.35,51.4 1 1
github.com/hoitek-go/govalidity/govaliditybody/body.go:54.22,56.3 1 1
github.com/hoitek-go/govalidity/govaliditybody/body.go:57.16,59.3 1 1
github.com/hoitek-go/govalidity/govaliditybody/body.go:60.27,62.3 1 1
github.com/hoitek-go/govalidity/govaliditybody/body.go:64.16,66.3 1 1
github.com/hoitek-go/govalidity/govalidity.go:28.23,32.2 1 1
github.com/hoitek-go/govalidity/govalidity.go:34.40,39.2 2 1
github.com/hoitek-go/govalidity/govalidity.go:41.43,46.2 2 1
github.com/hoitek-go/govalidity/govalidity.go:48.41,53.2 2 1
github.com/hoitek-go/govalidity/govalidity.go:55.38,60.2 2 1
github.com/hoitek-go/govalidity/govalidity.go:62.40,67.2 2 1
github.com/hoitek-go/govalidity/govalidity.go:69.44,74.2 2 1
github.com/hoitek-go/govalidity/govalidity.go:76.44,81.2 2 1
github.com/hoitek-go/govalidity/govalidity.go:83.38,88.2 2 1
github.com/hoitek-go/govalidity/govalidity.go:90.40,95.2 2 1
github.com/hoitek-go/govalidity/govalidity.go:97.39,102.2 2 1
github.com/hoitek-go/govalidity/govalidity.go:104.37,109.2 2 1
github.com/hoitek-go/govalidity/govalidity.go:111.39,116.2 2 1
github.com/hoitek-go/govalidity/govalidity.go:118.39,123.2 2 1
github.com/hoitek-go/govalidity/govalidity.go:125.39,130.2 2 1
github.com/hoitek-go/govalidity/govalidity.go:132.44,137.2 2 1
github.com/hoitek-go/govalidity/govalidity.go:139.39,144.2 2 1
github.com/hoitek-go/govalidity/govalidity.go:146.43,151.2 2 1
github.com/hoitek-go/govalidity/govalidity.go:153.43,158.2 2 1
github.com/hoitek-go/govalidity/govalidity.go:160.42,165.2 2 1
github.com/hoitek-go/govalidity/govalidity.go:167.54,169.54 1 1
github.com/hoitek-go/govalidity/govalidity.go:173.2,173.10 1 1
github.com/hoitek-go/govalidity/govalidity.go:169.54,171.4 1 1
github.com/hoitek-go/govalidity/govalidity.go:176.59,178.54 1 1
github.com/hoitek-go/govalidity/govalidity.go:182.2,182.10 1 1
github.com/hoitek-go/govalidity/govalidity.go:178.54,180.4 1 1
github.com/hoitek-go/govalidity/govalidity.go:185.51,187.54 1 1
github.com/hoitek-go/govalidity/govalidity.go:191.2,191.10 1 1
github.com/hoitek-go/govalidity/govalidity.go:187.54,189.4 1 1
github.com/hoitek-go/govalidity/govalidity.go:194.51,196.54 1 1
github.com/hoitek-go/govalidity/govalidity.go:200.2,200.10 1 1
github.com/hoitek-go/govalidity/govalidity.go:196.54,198.4 1 1
github.com/hoitek-go/govalidity/govalidity.go:203.48,205.54 1 1
github.com/hoitek-go/govalidity/govalidity.go:209.2,209.10 1 1
github.com/hoitek-go/govalidity/govalidity.go:205.54,207.4 1 1
github.com/hoitek-go/govalidity/govalidity.go:212.95,214.54 1 1
github.com/hoitek-go/govalidity/govalidity.go:223.2,223.10 1 1
github.com/hoitek-go/govalidity/govalidity.go:214.54,217.18 3 1
github.com/hoitek-go/govalidity/govalidity.go:220.4,220.23 1 1
github.com/hoitek-go/govalidity/govalidity.go:217.18,219.5 1 1
github.com/hoitek-go/govalidity/govalidity.go:226.54,229.2 2 1
github.com/hoitek-go/govalidity/govalidity.go:231.87,234.16 3 1
github.com/hoitek-go/govalidity/govalidity.go:241.2,243.32 3 1
github.com/hoitek-go/govalidity/govalidity.go:262.2,262.43 1 1
github.com/hoitek-go/govalidity/govalidity.go:234.16,240.3 1 1
github.com/hoitek-go/govalidity/govalidity.go:243.32,245.10 2 1
github.com/hoitek-go/govalidity/govalidity.go:252.3,255.20 4 1
github.com/hoitek-go/govalidity/govalidity.go:258.3,258.20 1 1
github.com/hoitek-go/govalidity/govalidity.go:245.10,247.28 2 1
github.com/hoitek-go/govalidity/govalidity.go:247.28,250.5 2 1
github.com/hoitek-go/govalidity/govalidity.go:255.20,257.4 1 1
github.com/hoitek-go/govalidity/govalidity.go:258.20,260.4 1 1
github.com/hoitek-go/govalidity/govalidity.go:265.58,267.2 1 1
github.com/hoitek-go/govalidity/govalidity.go:269.44,271.2 1 1
github.com/hoitek-go/govalidity/govalidity.go:273.35,275.43 2 1
github.com/hoitek-go/govalidity/govalidity.go:281.2,281.13 1 1
github.com/hoitek-go/govalidity/govalidity.go:275.43,277.15 2 1
github.com/hoitek-go/govalidity/govalidity.go:277.15,279.4 1 1
github.com/hoitek-go/govalidity/govalidity.go:284.62,286.16 2 1
github.com/hoitek-go/govalidity/govalidity.go:289.2,290.16 2 1
github.com/hoitek-go/govalidity/govalidity.go:293.2,293.12 1 1
github.com/hoitek-go/govalidity/govalidity.go:286.16,288.3 1 1
github.com/hoitek-go/govalidity/govalidity.go:290.16,292.3 1 1
