mode: set
github.com/hoitek-go/govalidity/govalidityconv/converter.go:9.60,12.22 2 1
github.com/hoitek-go/govalidity/govalidityconv/converter.go:34.2,34.8 1 1
github.com/hoitek-go/govalidity/govalidityconv/converter.go:13.38,15.16 2 1
github.com/hoitek-go/govalidity/govalidityconv/converter.go:16.43,18.16 2 1
github.com/hoitek-go/govalidity/govalidityconv/converter.go:19.24,21.16 2 1
github.com/hoitek-go/govalidity/govalidityconv/converter.go:22.14,24.17 2 1
github.com/hoitek-go/govalidity/govalidityconv/converter.go:29.10,31.12 2 1
github.com/hoitek-go/govalidity/govalidityconv/converter.go:24.17,26.4 1 1
github.com/hoitek-go/govalidity/govalidityconv/converter.go:26.9,28.4 1 1
github.com/hoitek-go/govalidity/govaliditym/messages.go:90.34,94.40 4 1
github.com/hoitek-go/govalidity/govaliditym/messages.go:99.2,100.32 2 1
github.com/hoitek-go/govalidity/govaliditym/messages.go:94.40,95.18 1 1
github.com/hoitek-go/govalidity/govaliditym/messages.go:95.18,97.4 1 1
github.com/hoitek-go/govalidity/govaliditym/messages.go:103.32,105.2 1 1
github.com/hoitek-go/govalidity/govaliditybody/body.go:17.46,18.23 1 1
github.com/hoitek-go/govalidity/govaliditybody/body.go:22.2,24.16 3 1
github.com/hoitek-go/govalidity/govaliditybody/body.go:27.2,27.22 1 1
github.com/hoitek-go/govalidity/govaliditybody/body.go:53.2,54.22 2 1
github.com/hoitek-go/govalidity/govaliditybody/body.go:57.2,57.16 1 1
github.com/hoitek-go/govalidity/govaliditybody/body.go:60.2,60.27 1 1
github.com/hoitek-go/govalidity/govaliditybody/body.go:63.2,64.16 2 1
github.com/hoitek-go/govalidity/govaliditybody/body.go:67.2,67.12 1 1
github.com/hoitek-go/govalidity/govaliditybody/body.go:18.23,21.3 2 1
github.com/hoitek-go/govalidity/govaliditybody/body.go:24.16,26.3 1 1
github.com/hoitek-go/govalidity/govaliditybody/body.go:27.22,29.17 2 1
github.com/hoitek-go/govalidity/govaliditybody/body.go:29.17,31.4 1 1
github.com/hoitek-go/govalidity/govaliditybody/body.go:32.8,34.20 2 1
github.com/hoitek-go/govalidity/govaliditybody/body.go:37.3,37.17 1 1
github.com/hoitek-go/govalidity/govaliditybody/body.go:40.3,42.22 3 1
github.com/hoitek-go/govalidity/govaliditybody/body.go:46.3,46.17 1 1
github.com/hoitek-go/govalidity/govaliditybody/body.go:49.3,49.35 1 1
github.com/hoitek-go/govalidity/govaliditybody/body.go:34.20,36.4 1 1
github.com/hoitek-go/govalidity/govaliditybody/body.go:37.17,39.4 1 1
github.com/hoitek-go/govalidity/govaliditybody/body.go:42.22,45.4 2 1
github.com/hoitek-go/govalidity/govaliditybody/body.go:46.17,48.4 1 1
github.com/hoitek-go/govalidity/govaliditybody/body.go:49.35,51.4 1 1
github.com/hoitek-go/govalidity/govaliditybody/body.go:54.22,56.3 1 1
github.com/hoitek-go/govalidity/govaliditybody/body.go:57.16,59.3 1 1
github.com/hoitek-go/govalidity/govaliditybody/body.go:60.27,62.3 1 1
github.com/hoitek-go/govalidity/govaliditybody/body.go:64.16,66.3 1 1
github.com/hoitek-go/govalidity/govalidityv/validators.go:18.86,22.8 4 1
github.com/hoitek-go/govalidity/govalidityv/validators.go:25.2,25.26 1 1
github.com/hoitek-go/govalidity/govalidityv/validators.go:22.8,24.3 1 1
github.com/hoitek-go/govalidity/govalidityv/validators.go:28.98,32.2 3 1
github.com/hoitek-go/govalidity/govalidityv/validators.go:34.65,40.13 6 1
github.com/hoitek-go/govalidity/govalidityv/validators.go:43.2,43.19 1 1
github.com/hoitek-go/govalidity/govalidityv/validators.go:40.13,42.3 1 1
github.com/hoitek-go/govalidity/govalidityv/validators.go:46.68,50.34 4 1
github.com/hoitek-go/govalidity/govalidityv/validators.go:53.2,53.18 1 1
github.com/hoitek-go/govalidity/govalidityv/validators.go:50.34,52.3 1 1
github.com/hoitek-go/govalidity/govalidityv/validators.go:56.66,60.41 4 1
github.com/hoitek-go/govalidity/govalidityv/validators.go:63.2,63.18 1 1
github.com/hoitek-go/govalidity/govalidityv/validators.go:60.41,62.3 1 1
github.com/hoitek-go/govalidity/govalidityv/validators.go:66.63,70.102 4 1
github.com/hoitek-go/govalidity/govalidityv/validators.go:73.2,74.65 2 1
github.com/hoitek-go/govalidity/govalidityv/validators.go:77.2,78.23 2 1
github.com/hoitek-go/govalidity/govalidityv/validators.go:81.2,81.36 1 1
github.com/hoitek-go/govalidity/govalidityv/validators.go:84.2,84.70 1 1
github.com/hoitek-go/govalidity/govalidityv/validators.go:87.2,98.13 4 1
github.com/hoitek-go/govalidity/govalidityv/validators.go:101.2,101.19 1 1
github.com/hoitek-go/govalidity/govalidityv/validators.go:70.102,72.3 1 1
github.com/hoitek-go/govalidity/govalidityv/validators.go:74.65,76.3 1 1
github.com/hoitek-go/govalidity/govalidityv/validators.go:78.23,80.3 1 1
github.com/hoitek-go/govalidity/govalidityv/validators.go:81.36,83.3 1 1
github.com/hoitek-go/govalidity/govalidityv/validators.go:84.70,86.3 1 1
github.com/hoitek-go/govalidity/govalidityv/validators.go:98.13,100.3 1 1
github.com/hoitek-go/govalidity/govalidityv/validators.go:104.65,110.13 6 1
github.com/hoitek-go/govalidity/govalidityv/validators.go:113.2,113.19 1 1
github.com/hoitek-go/govalidity/govalidityv/validators.go:110.13,112.3 1 1
github.com/hoitek-go/govalidity/govalidityv/validators.go:116.69,121.13 5 1
github.com/hoitek-go/govalidity/govalidityv/validators.go:124.2,124.19 1 1
github.com/hoitek-go/govalidity/govalidityv/validators.go:121.13,123.3 1 1
github.com/hoitek-go/govalidity/govalidityv/validators.go:127.69,132.13 5 1
github.com/hoitek-go/govalidity/govalidityv/validators.go:135.2,135.19 1 1
github.com/hoitek-go/govalidity/govalidityv/validators.go:132.13,134.3 1 1
github.com/hoitek-go/govalidity/govalidityv/validators.go:138.63,144.13 6 1
github.com/hoitek-go/govalidity/govalidityv/validators.go:147.2,147.19 1 1
github.com/hoitek-go/govalidity/govalidityv/validators.go:144.13,146.3 1 1
github.com/hoitek-go/govalidity/govalidityv/validators.go:150.65,156.13 6 1
github.com/hoitek-go/govalidity/govalidityv/validators.go:159.2,159.19 1 1
github.com/hoitek-go/govalidity/govalidityv/validators.go:156.13,158.3 1 1
github.com/hoitek-go/govalidity/govalidityv/validators.go:162.64,168.13 6 1
github.com/hoitek-go/govalidity/govalidityv/validators.go:171.2,171.19 1 1
github.com/hoitek-go/govalidity/govalidityv/validators.go:168.13,170.3 1 1
github.com/hoitek-go/govalidity/govalidityv/validators.go:174.62,179.13 5 1
github.com/hoitek-go/govalidity/govalidityv/validators.go:182.2,182.19 1 1
github.com/hoitek-go/govalidity/govalidityv/validators.go:179.13,181.3 1 1
github.com/hoitek-go/govalidity/govalidityv/validators.go:185.64,191.13 6 1
github.com/hoitek-go/govalidity/govalidityv/validators.go:194.2,194.19 1 1
github.com/hoitek-go/govalidity/govalidityv/validators.go:191.13,193.3 1 1
github.com/hoitek-go/govalidity/govalidityv/validators.go:197.64,203.13 6 1
github.com/hoitek-go/govalidity/govalidityv/validators.go:206.2,206.19 1 1
github.com/hoitek-go/govalidity/govalidityv/validators.go:203.13,205.3 1 1
github.com/hoitek-go/govalidity/govalidityv/validators.go:209.64,213.67 4 1
github.com/hoitek-go/govalidity/govalidityv/validators.go:216.2,216.19 1 1
github.com/hoitek-go/govalidity/govalidityv/validators.go:213.67,215.3 1 1
github.com/hoitek-go/govalidity/govalidityv/validators.go:219.67,223.63 4 1
github.com/hoitek-go/govalidity/govalidityv/validators.go:226.2,229.13 4 1
github.com/hoitek-go/govalidity/govalidityv/validators.go:232.2,232.19 1 1
github.com/hoitek-go/govalidity/govalidityv/validators.go:223.63,225.3 1 1
github.com/hoitek-go/govalidity/govalidityv/validators.go:229.13,231.3 1 1
github.com/hoitek-go/govalidity/govalidityv/validators.go:235.64,242.13 7 1
github.com/hoitek-go/govalidity/govalidityv/validators.go:245.2,245.19 1 1
github.com/hoitek-go/govalidity/govalidityv/validators.go:242.13,244.3 1 1
github.com/hoitek-go/govalidity/govalidityv/validators.go:248.68,254.13 6 1
github.com/hoitek-go/govalidity/govalidityv/validators.go:257.2,257.19 1 1
github.com/hoitek-go/govalidity/govalidityv/validators.go:254.13,256.3 1 1
github.com/hoitek-go/govalidity/govalidityv/validators.go:260.68,266.13 6 1
github.com/hoitek-go/govalidity/govalidityv/validators.go:269.2,269.19 1 1
github.com/hoitek-go/govalidity/govalidityv/validators.go:266.13,268.3 1 1
github.com/hoitek-go/govalidity/govalidityv/validators.go:272.68,278.13 6 1
github.com/hoitek-go/govalidity/govalidityv/validators.go:281.2,281.19 1 1
github.com/hoitek-go/govalidity/govalidityv/validators.go:278.13,280.3 1 1
github.com/hoitek-go/govalidity/govalidityv/validators.go:284.67,291.8 6 1
github.com/hoitek-go/govalidity/govalidityv/validators.go:295.2,297.37 3 1
github.com/hoitek-go/govalidity/govalidityv/validators.go:301.2,307.19 6 1
github.com/hoitek-go/govalidity/govalidityv/validators.go:311.2,311.46 1 1
github.com/hoitek-go/govalidity/govalidityv/validators.go:315.2,315.18 1 1
github.com/hoitek-go/govalidity/govalidityv/validators.go:291.8,293.3 1 1
github.com/hoitek-go/govalidity/govalidityv/validators.go:297.37,299.3 1 1
github.com/hoitek-go/govalidity/govalidityv/validators.go:307.19,309.3 1 1
github.com/hoitek-go/govalidity/govalidityv/validators.go:311.46,313.3 1 1
github.com/hoitek-go/govalidity/govalidityv/validators.go:318.72,325.8 6 1
github.com/hoitek-go/govalidity/govalidityv/validators.go:329.2,331.37 3 1
github.com/hoitek-go/govalidity/govalidityv/validators.go:337.2,343.42 6 1
github.com/hoitek-go/govalidity/govalidityv/validators.go:347.2,347.18 1 1
github.com/hoitek-go/govalidity/govalidityv/validators.go:325.8,327.3 1 1
github.com/hoitek-go/govalidity/govalidityv/validators.go:331.37,333.3 1 0
github.com/hoitek-go/govalidity/govalidityv/validators.go:333.8,335.3 1 1
github.com/hoitek-go/govalidity/govalidityv/validators.go:343.42,345.3 1 1
github.com/hoitek-go/govalidity/govalidityv/validators.go:350.69,356.8 5 1
github.com/hoitek-go/govalidity/govalidityv/validators.go:360.2,362.37 3 1
github.com/hoitek-go/govalidity/govalidityv/validators.go:368.2,373.22 5 1
github.com/hoitek-go/govalidity/govalidityv/validators.go:377.2,377.18 1 1
github.com/hoitek-go/govalidity/govalidityv/validators.go:356.8,358.3 1 1
github.com/hoitek-go/govalidity/govalidityv/validators.go:362.37,364.3 1 0
github.com/hoitek-go/govalidity/govalidityv/validators.go:364.8,366.3 1 1
github.com/hoitek-go/govalidity/govalidityv/validators.go:373.22,375.3 1 1
github.com/hoitek-go/govalidity/govalidityv/validators.go:380.69,386.8 5 1
github.com/hoitek-go/govalidity/govalidityv/validators.go:390.2,392.37 3 1
github.com/hoitek-go/govalidity/govalidityv/validators.go:398.2,403.22 5 1
github.com/hoitek-go/govalidity/govalidityv/validators.go:407.2,407.18 1 1
github.com/hoitek-go/govalidity/govalidityv/validators.go:386.8,388.3 1 1
github.com/hoitek-go/govalidity/govalidityv/validators.go:392.37,394.3 1 0
github.com/hoitek-go/govalidity/govalidityv/validators.go:394.8,396.3 1 1
github.com/hoitek-go/govalidity/govalidityv/validators.go:403.22,405.3 1 1
github.com/hoitek-go/govalidity/govalidityv/validators.go:410.62,416.8 5 1
github.com/hoitek-go/govalidity/govalidityv/validators.go:420.2,422.37 3 1
github.com/hoitek-go/govalidity/govalidityv/validators.go:428.2,434.27 6 1
github.com/hoitek-go/govalidity/govalidityv/validators.go:440.2,440.12 1 1
github.com/hoitek-go/govalidity/govalidityv/validators.go:444.2,444.18 1 1
github.com/hoitek-go/govalidity/govalidityv/validators.go:416.8,418.3 1 1
github.com/hoitek-go/govalidity/govalidityv/validators.go:422.37,424.3 1 0
github.com/hoitek-go/govalidity/govalidityv/validators.go:424.8,426.3 1 1
github.com/hoitek-go/govalidity/govalidityv/validators.go:434.27,435.21 1 1
github.com/hoitek-go/govalidity/govalidityv/validators.go:435.21,437.9 2 1
github.com/hoitek-go/govalidity/govalidityv/validators.go:440.12,442.3 1 1
github.com/hoitek-go/govalidity/govalidity.go:30.23,34.2 1 1
github.com/hoitek-go/govalidity/govalidity.go:36.40,41.2 2 1
github.com/hoitek-go/govalidity/govalidity.go:43.43,48.2 2 1
github.com/hoitek-go/govalidity/govalidity.go:50.41,55.2 2 1
github.com/hoitek-go/govalidity/govalidity.go:57.38,62.2 2 1
github.com/hoitek-go/govalidity/govalidity.go:64.40,69.2 2 1
github.com/hoitek-go/govalidity/govalidity.go:71.44,76.2 2 1
github.com/hoitek-go/govalidity/govalidity.go:78.44,83.2 2 1
github.com/hoitek-go/govalidity/govalidity.go:85.38,90.2 2 1
github.com/hoitek-go/govalidity/govalidity.go:92.40,97.2 2 1
github.com/hoitek-go/govalidity/govalidity.go:99.39,104.2 2 1
github.com/hoitek-go/govalidity/govalidity.go:106.37,111.2 2 1
github.com/hoitek-go/govalidity/govalidity.go:113.39,118.2 2 1
github.com/hoitek-go/govalidity/govalidity.go:120.39,125.2 2 1
github.com/hoitek-go/govalidity/govalidity.go:127.39,132.2 2 1
github.com/hoitek-go/govalidity/govalidity.go:134.44,139.2 2 1
github.com/hoitek-go/govalidity/govalidity.go:141.39,146.2 2 1
github.com/hoitek-go/govalidity/govalidity.go:148.43,153.2 2 1
github.com/hoitek-go/govalidity/govalidity.go:155.43,160.2 2 1
github.com/hoitek-go/govalidity/govalidity.go:162.42,167.2 2 1
github.com/hoitek-go/govalidity/govalidity.go:169.54,171.54 1 1
github.com/hoitek-go/govalidity/govalidity.go:175.2,175.10 1 1
github.com/hoitek-go/govalidity/govalidity.go:171.54,173.4 1 1
github.com/hoitek-go/govalidity/govalidity.go:178.59,180.54 1 1
github.com/hoitek-go/govalidity/govalidity.go:184.2,184.10 1 1
github.com/hoitek-go/govalidity/govalidity.go:180.54,182.4 1 1
github.com/hoitek-go/govalidity/govalidity.go:187.51,189.54 1 1
github.com/hoitek-go/govalidity/govalidity.go:193.2,193.10 1 1
github.com/hoitek-go/govalidity/govalidity.go:189.54,191.4 1 1
github.com/hoitek-go/govalidity/govalidity.go:196.51,198.54 1 1
github.com/hoitek-go/govalidity/govalidity.go:202.2,202.10 1 1
github.com/hoitek-go/govalidity/govalidity.go:198.54,200.4 1 1
github.com/hoitek-go/govalidity/govalidity.go:205.48,207.54 1 1
github.com/hoitek-go/govalidity/govalidity.go:211.2,211.10 1 1
github.com/hoitek-go/govalidity/govalidity.go:207.54,209.4 1 1
github.com/hoitek-go/govalidity/govalidity.go:214.95,216.54 1 1
github.com/hoitek-go/govalidity/govalidity.go:225.2,225.10 1 1
github.com/hoitek-go/govalidity/govalidity.go:216.54,219.18 3 1
github.com/hoitek-go/govalidity/govalidity.go:222.4,222.23 1 1
github.com/hoitek-go/govalidity/govalidity.go:219.18,221.5 1 1
github.com/hoitek-go/govalidity/govalidity.go:228.54,231.2 2 1
github.com/hoitek-go/govalidity/govalidity.go:233.87,236.16 3 1
github.com/hoitek-go/govalidity/govalidity.go:243.2,245.32 3 1
github.com/hoitek-go/govalidity/govalidity.go:264.2,264.43 1 1
github.com/hoitek-go/govalidity/govalidity.go:236.16,242.3 1 1
github.com/hoitek-go/govalidity/govalidity.go:245.32,247.10 2 1
github.com/hoitek-go/govalidity/govalidity.go:254.3,257.20 4 1
github.com/hoitek-go/govalidity/govalidity.go:260.3,260.20 1 1
github.com/hoitek-go/govalidity/govalidity.go:247.10,249.28 2 1
github.com/hoitek-go/govalidity/govalidity.go:249.28,252.5 2 1
github.com/hoitek-go/govalidity/govalidity.go:257.20,259.4 1 1
github.com/hoitek-go/govalidity/govalidity.go:260.20,262.4 1 1
github.com/hoitek-go/govalidity/govalidity.go:267.58,269.2 1 1
github.com/hoitek-go/govalidity/govalidity.go:271.44,273.2 1 1
github.com/hoitek-go/govalidity/govalidity.go:275.35,277.43 2 1
github.com/hoitek-go/govalidity/govalidity.go:290.2,290.13 1 1
github.com/hoitek-go/govalidity/govalidity.go:277.43,280.38 3 1
github.com/hoitek-go/govalidity/govalidity.go:285.3,286.15 2 1
github.com/hoitek-go/govalidity/govalidity.go:280.38,282.4 1 1
github.com/hoitek-go/govalidity/govalidity.go:282.9,284.4 1 1
github.com/hoitek-go/govalidity/govalidity.go:286.15,288.4 1 1
github.com/hoitek-go/govalidity/govalidity.go:293.62,295.16 2 1
github.com/hoitek-go/govalidity/govalidity.go:298.2,299.16 2 1
github.com/hoitek-go/govalidity/govalidity.go:302.2,302.12 1 1
github.com/hoitek-go/govalidity/govalidity.go:295.16,297.3 1 1
github.com/hoitek-go/govalidity/govalidity.go:299.16,301.3 1 1
